<?xml version="1.0" encoding="UTF-8"?>
<!-- Generated by org.testng.reporters.JUnitReportReporter -->
<testsuite skipped="0" hostname="Waynes-MacBook-Pro-2.local" name="TestNG.wordpress_site" tests="2" failures="0" timestamp="17 Mar 2017 10:19:25 GMT" time="22.018" errors="0">
  <testcase name="WP_02_Add_Post" time="15.214" classname="TestNG.wordpress_site"/>
  <testcase name="WP_01_Login" time="6.804" classname="TestNG.wordpress_site"/>
</testsuite> <!-- TestNG.wordpress_site -->
